This is pdfTeX, Version 3.14159265-2.6-1.40.15 (TeX Live 2015/dev/Debian) (preloaded format=pdflatex 2015.7.25)  13 NOV 2015 02:48
entering extended mode
 restricted \write18 enabled.
 %&-line parsing enabled.
**lab4.tex
(./lab4.tex
LaTeX2e <2014/05/01>
Babel <3.9l> and hyphenation patterns for 2 languages loaded.
(/usr/share/texlive/texmf-dist/tex/latex/base/article.cls
Document Class: article 2014/09/29 v1.4h Standard LaTeX document class
(/usr/share/texlive/texmf-dist/tex/latex/base/size10.clo
File: size10.clo 2014/09/29 v1.4h Standard LaTeX file (size option)
)
\c@part=\count79
\c@section=\count80
\c@subsection=\count81
\c@subsubsection=\count82
\c@paragraph=\count83
\c@subparagraph=\count84
\c@figure=\count85
\c@table=\count86
\abovecaptionskip=\skip41
\belowcaptionskip=\skip42
\bibindent=\dimen102
)
(/usr/share/texlive/texmf-dist/tex/latex/geometry/geometry.sty
Package: geometry 2010/09/12 v5.6 Page Geometry

(/usr/share/texlive/texmf-dist/tex/latex/graphics/keyval.sty
Package: keyval 2014/05/08 v1.15 key=value parser (DPC)
\KV@toks@=\toks14
)
(/usr/share/texlive/texmf-dist/tex/generic/oberdiek/ifpdf.sty
Package: ifpdf 2011/01/30 v2.3 Provides the ifpdf switch (HO)
Package ifpdf Info: pdfTeX in PDF mode is detected.
)
(/usr/share/texlive/texmf-dist/tex/generic/oberdiek/ifvtex.sty
Package: ifvtex 2010/03/01 v1.5 Detect VTeX and its facilities (HO)
Package ifvtex Info: VTeX not detected.
)
(/usr/share/texlive/texmf-dist/tex/generic/ifxetex/ifxetex.sty
Package: ifxetex 2010/09/12 v0.6 Provides ifxetex conditional
)
\Gm@cnth=\count87
\Gm@cntv=\count88
\c@Gm@tempcnt=\count89
\Gm@bindingoffset=\dimen103
\Gm@wd@mp=\dimen104
\Gm@odd@mp=\dimen105
\Gm@even@mp=\dimen106
\Gm@layoutwidth=\dimen107
\Gm@layoutheight=\dimen108
\Gm@layouthoffset=\dimen109
\Gm@layoutvoffset=\dimen110
\Gm@dimlist=\toks15
)
(/home/debian/pp/tex/ProofPower.sty
$Revision: 1.20 $ $Date: 2011/07/22 16:11:07 $
Package: ProofPower 
(/usr/share/texlive/texmf-dist/tex/latex/base/ifthen.sty
Package: ifthen 2014/09/29 v1.1c Standard LaTeX ifthen package (DPC)
)
\symAMSa=\mathgroup4
\symAMSb=\mathgroup5
LaTeX Font Info:    Redeclaring math symbol \emptyset on input line 9.
\ft@strutbox=\box26
\tabstop=\dimen111
\ftlmargin=\dimen112
\ftrmargin=\dimen113
\ft@width=\dimen114
\ftlinepenalty=\count90
\ftaboveboxskip=\skip43
\ftbelowboxskip=\skip44
\ftspaceskip=\muskip10
\@A=\dimen115
\@B=\dimen116
\@block=\box27
\@line=\box28
\UL@level=\count91
\UL@t=\count92
\RM@EX=\dimen117
\RM@EM=\dimen118
\endFT@penalty=\count93
\FR@Name=\box29
\FR@Above=\box30
\FR@Below=\box31
\FR@FullFtwidth=\dimen119
\FR@LHS=\box32
\FR@RhsRaise=\dimen120
\FR@Help=\toks16
\@oldtabstop=\dimen121
)
(/usr/share/texlive/texmf-dist/tex/latex/graphics/graphicx.sty
Package: graphicx 2014/04/25 v1.0g Enhanced LaTeX Graphics (DPC,SPQR)

(/usr/share/texlive/texmf-dist/tex/latex/graphics/graphics.sty
Package: graphics 2009/02/05 v1.0o Standard LaTeX Graphics (DPC,SPQR)

(/usr/share/texlive/texmf-dist/tex/latex/graphics/trig.sty
Package: trig 1999/03/16 v1.09 sin cos tan (DPC)
)
(/usr/share/texlive/texmf-dist/tex/latex/latexconfig/graphics.cfg
File: graphics.cfg 2010/04/23 v1.9 graphics configuration of TeX Live
)
Package graphics Info: Driver file: pdftex.def on input line 91.

(/usr/share/texlive/texmf-dist/tex/latex/pdftex-def/pdftex.def
File: pdftex.def 2011/05/27 v0.06d Graphics/color for pdfTeX

(/usr/share/texlive/texmf-dist/tex/generic/oberdiek/infwarerr.sty
Package: infwarerr 2010/04/08 v1.3 Providing info/warning/error messages (HO)
)
(/usr/share/texlive/texmf-dist/tex/generic/oberdiek/ltxcmds.sty
Package: ltxcmds 2011/11/09 v1.22 LaTeX kernel commands for general use (HO)
)
\Gread@gobject=\count94
))
\Gin@req@height=\dimen122
\Gin@req@width=\dimen123
)
(/usr/share/texlive/texmf-dist/tex/latex/tools/multicol.sty
Package: multicol 2014/10/28 v1.8i multicolumn formatting (FMi)
\c@tracingmulticols=\count95
\mult@box=\box33
\multicol@leftmargin=\dimen124
\c@unbalance=\count96
\c@collectmore=\count97
\doublecol@number=\count98
\multicoltolerance=\count99
\multicolpretolerance=\count100
\full@width=\dimen125
\page@free=\dimen126
\premulticols=\dimen127
\postmulticols=\dimen128
\multicolsep=\skip45
\multicolbaselineskip=\skip46
\partial@page=\box34
\last@line=\box35
\maxbalancingoverflow=\dimen129
\mult@rightbox=\box36
\mult@grightbox=\box37
\mult@gfirstbox=\box38
\mult@firstbox=\box39
\@tempa=\box40
\@tempa=\box41
\@tempa=\box42
\@tempa=\box43
\@tempa=\box44
\@tempa=\box45
\@tempa=\box46
\@tempa=\box47
\@tempa=\box48
\@tempa=\box49
\@tempa=\box50
\@tempa=\box51
\@tempa=\box52
\@tempa=\box53
\@tempa=\box54
\@tempa=\box55
\@tempa=\box56
\c@columnbadness=\count101
\c@finalcolumnbadness=\count102
\last@try=\dimen130
\multicolovershoot=\dimen131
\multicolundershoot=\dimen132
\mult@nat@firstbox=\box57
\colbreak@box=\box58
\mc@col@check@num=\count103
)
(/home/debian/texmf/tex/generic/mfpic/mfpic.sty
Package: mfpic 2012/12/03 v1.10. Macros for drawing with Metafont/MetaPost.

(/home/debian/texmf/tex/generic/mfpic/mfpic.tex
\mfp@out=\write3
\mfp@graph=\read1
\mfp@count=\count104
\mfp@linetype=\count105
\mfp@sequence=\count106
\mfp@toks=\toks17
\mfp@verbtex=\toks18
\mfp@fdc=\count107
\@wholegraph=\box59
\@textbox=\box60
\@alltlabels=\box61
\@backtext=\box62
\@tlabelstop=\fontdimen 23\mfp@dummy 
\@tlabelsbot=\fontdimen 24\mfp@dummy 
\@tlabelsleft=\fontdimen 25\mfp@dummy 
\@graphright=\fontdimen 26\mfp@dummy 
\@graphleft=\fontdimen 27\mfp@dummy 
\@graphtop=\fontdimen 28\mfp@dummy 
\@graphbot=\fontdimen 29\mfp@dummy 
\tb@raise=\fontdimen 30\mfp@dummy 
\tb@moveright=\fontdimen 31\mfp@dummy 
\tb@totalht=\fontdimen 32\mfp@dummy 
\tlabel@hadj=\fontdimen 33\mfp@dummy 
\tlabel@vadj=\fontdimen 34\mfp@dummy 
\tlabel@sep=\fontdimen 35\mfp@dummy 
\tlpath@sep=\fontdimen 36\mfp@dummy 
\mfpicunit=\fontdimen 37\mfp@dummy 
\@mfpicunit=\fontdimen 38\mfp@dummy 
\pointsize=\fontdimen 39\mfp@dummy 
\shadespace=\fontdimen 40\mfp@dummy 
\polkadotspace=\fontdimen 41\mfp@dummy 
\hatchspace=\fontdimen 42\mfp@dummy 
\headlen=\fontdimen 43\mfp@dummy 
\axisheadlen=\fontdimen 44\mfp@dummy 
\sideheadlen=\fontdimen 45\mfp@dummy 
\hashlen=\fontdimen 46\mfp@dummy 
\dashlen=\fontdimen 47\mfp@dummy 
\dashspace=\fontdimen 48\mfp@dummy 
\dotsize=\fontdimen 49\mfp@dummy 
\griddotsize=\fontdimen 50\mfp@dummy 
\dotspace=\fontdimen 51\mfp@dummy 
\symbolspace=\fontdimen 52\mfp@dummy 
\mfp@scratch=\dimen133
\mfpframesep=\dimen134
\mfpframethickness=\dimen135
\mfpicheight=\dimen136
\mfpicwidth=\dimen137
\mfpiccaptionskip=\skip47
\tl@vpos=\count108
\tl@hpos=\count109
\mfp@commentchar=\count110
))

Mfpic: Initializing lab4.mp.
\openout3 = `lab4.mp'.

Mfpic: Don't forget to process lab4.mp!
Mfpic: Apply metapost to lab4.mp.
Mfpic: Then reprocess this file "lab4".

(./lab4.aux)
\openout1 = `lab4.aux'.

LaTeX Font Info:    Checking defaults for OML/cmm/m/it on input line 8.
LaTeX Font Info:    ... okay on input line 8.
LaTeX Font Info:    Checking defaults for T1/cmr/m/n on input line 8.
LaTeX Font Info:    ... okay on input line 8.
LaTeX Font Info:    Checking defaults for OT1/cmr/m/n on input line 8.
LaTeX Font Info:    ... okay on input line 8.
LaTeX Font Info:    Checking defaults for OMS/cmsy/m/n on input line 8.
LaTeX Font Info:    ... okay on input line 8.
LaTeX Font Info:    Checking defaults for OMX/cmex/m/n on input line 8.
LaTeX Font Info:    ... okay on input line 8.
LaTeX Font Info:    Checking defaults for U/cmr/m/n on input line 8.
LaTeX Font Info:    ... okay on input line 8.

*geometry* driver: auto-detecting
*geometry* detected driver: pdftex
*geometry* verbose mode - [ preamble ] result:
* driver: pdftex
* paper: screen
* layout: <same size as paper>
* layoutoffset:(h,v)=(0.0pt,0.0pt)
* modes: 
* h-part:(L,W,R)=(96.02902pt, 448.12894pt, 96.02904pt)
* v-part:(T,H,B)=(61.45856pt, 358.50314pt, 92.1879pt)
* \paperwidth=640.187pt
* \paperheight=512.1496pt
* \textwidth=448.12894pt
* \textheight=358.50314pt
* \oddsidemargin=23.75903pt
* \evensidemargin=23.75903pt
* \topmargin=-47.81143pt
* \headheight=12.0pt
* \headsep=25.0pt
* \topskip=10.0pt
* \footskip=30.0pt
* \marginparwidth=65.0pt
* \marginparsep=11.0pt
* \columnsep=28.45274pt
* \skip\footins=9.0pt plus 4.0pt minus 2.0pt
* \hoffset=0.0pt
* \voffset=0.0pt
* \mag=1000
* \@twocolumnfalse
* \@twosidefalse
* \@mparswitchfalse
* \@reversemarginfalse
* (1in=72.27pt=25.4mm, 1cm=28.453pt)

(/usr/share/texlive/texmf-dist/tex/context/base/supp-pdf.mkii
[Loading MPS to PDF converter (version 2006.09.02).]
\scratchcounter=\count111
\scratchdimen=\dimen138
\scratchbox=\box63
\nofMPsegments=\count112
\nofMParguments=\count113
\everyMPshowfont=\toks19
\MPscratchCnt=\count114
\MPscratchDim=\dimen139
\MPnumerator=\count115
\makeMPintoPDFobject=\count116
\everyMPtoPDFconversion=\toks20
) (/usr/share/texlive/texmf-dist/tex/generic/oberdiek/pdftexcmds.sty
Package: pdftexcmds 2011/11/29 v0.20 Utility functions of pdfTeX for LuaTeX (HO
)

(/usr/share/texlive/texmf-dist/tex/generic/oberdiek/ifluatex.sty
Package: ifluatex 2010/03/01 v1.3 Provides the ifluatex switch (HO)
Package ifluatex Info: LuaTeX not detected.
)
Package pdftexcmds Info: LuaTeX not detected.
Package pdftexcmds Info: \pdf@primitive is available.
Package pdftexcmds Info: \pdf@ifprimitive is available.
Package pdftexcmds Info: \pdfdraftmode found.
)
(/usr/share/texlive/texmf-dist/tex/latex/oberdiek/epstopdf-base.sty
Package: epstopdf-base 2010/02/09 v2.5 Base part for package epstopdf

(/usr/share/texlive/texmf-dist/tex/latex/oberdiek/grfext.sty
Package: grfext 2010/08/19 v1.1 Manage graphics extensions (HO)

(/usr/share/texlive/texmf-dist/tex/generic/oberdiek/kvdefinekeys.sty
Package: kvdefinekeys 2011/04/07 v1.3 Define keys (HO)
))
(/usr/share/texlive/texmf-dist/tex/latex/oberdiek/kvoptions.sty
Package: kvoptions 2011/06/30 v3.11 Key value format for package options (HO)

(/usr/share/texlive/texmf-dist/tex/generic/oberdiek/kvsetkeys.sty
Package: kvsetkeys 2012/04/25 v1.16 Key value parser (HO)

(/usr/share/texlive/texmf-dist/tex/generic/oberdiek/etexcmds.sty
Package: etexcmds 2011/02/16 v1.5 Avoid name clashes with e-TeX commands (HO)
Package etexcmds Info: Could not find \expanded.
(etexcmds)             That can mean that you are not using pdfTeX 1.50 or
(etexcmds)             that some package has redefined \expanded.
(etexcmds)             In the latter case, load this package earlier.
)))
Package grfext Info: Graphics extension search list:
(grfext)             [.png,.pdf,.jpg,.mps,.jpeg,.jbig2,.jb2,.PNG,.PDF,.JPG,.JPE
G,.JBIG2,.JB2,.eps]
(grfext)             \AppendGraphicsExtensions on input line 452.

(/usr/share/texlive/texmf-dist/tex/latex/latexconfig/epstopdf-sys.cfg
File: epstopdf-sys.cfg 2010/07/13 v1.3 Configuration of (r)epstopdf for TeX Liv
e
))
File: lab4.1 Graphic file (type mps)

[MP to PDF] (./lab4.1)
LaTeX Font Info:    External font `cmex10' loaded for size
(Font)              <7> on input line 31.
LaTeX Font Info:    External font `cmex10' loaded for size
(Font)              <5> on input line 31.
LaTeX Font Info:    Try loading font information for U+msa on input line 31.

(/usr/share/texlive/texmf-dist/tex/latex/amsfonts/umsa.fd
File: umsa.fd 2013/01/14 v3.01 AMS symbols A
)
LaTeX Font Info:    Try loading font information for U+msb on input line 31.

(/usr/share/texlive/texmf-dist/tex/latex/amsfonts/umsb.fd
File: umsb.fd 2013/01/14 v3.01 AMS symbols B
)
Underfull \hbox (badness 10000) in paragraph at lines 26--53

 []


Underfull \hbox (badness 10000) in paragraph at lines 26--53

 []


Underfull \hbox (badness 10000) in paragraph at lines 26--53

 []


Underfull \hbox (badness 10000) in paragraph at lines 26--53

 []


Underfull \hbox (badness 10000) in paragraph at lines 26--53

 []


Underfull \hbox (badness 10000) in paragraph at lines 26--53

 []


Underfull \hbox (badness 10000) in paragraph at lines 26--53

 []

[1

{/var/lib/texmf/fonts/map/pdftex/updmap/pdftex.map}] [2

]
<lab4sml.png, id=19, 551.05875pt x 143.53625pt>
File: lab4sml.png Graphic file (type png)
 <use lab4sml.png>
Package pdftex.def Info: lab4sml.png used on input line 77.
(pdftex.def)             Requested size: 440.84758pt x 114.82915pt.

Overfull \hbox (7.71864pt too wide) in paragraph at lines 77--78
[][] 
 []

[3 <./lab4sml.png>] [4

] [5] [6] [7] [8]
<lab4c.png, id=40, 401.5pt x 71.26625pt>
File: lab4c.png Graphic file (type png)
 <use lab4c.png>
Package pdftex.def Info: lab4c.png used on input line 210.
(pdftex.def)             Requested size: 321.20042pt x 57.01305pt.
 [9 <./lab4c.png>]
[10

] <lab4asm.png, id=47, 477.785pt x 114.4275pt>
File: lab4asm.png Graphic file (type png)
 <use lab4asm.png>
Package pdftex.def Info: lab4asm.png used on input line 271.
(pdftex.def)             Requested size: 477.78383pt x 114.42722pt.

Overfull \hbox (44.65489pt too wide) in paragraph at lines 271--272
[][] 
 []


Underfull \hbox (badness 10000) in paragraph at lines 271--272

 []

[11 <./lab4asm.png>]
Overfull \hbox (8.45673pt too wide) detected at line 281
[][][] 
 []

[12

]
Overfull \hbox (10.59938pt too wide) detected at line 309
[][][] 
 []

[13] [14] [15] [16] [17] <stack1.png, id=70, 404.26031pt x 292.84406pt>
File: stack1.png Graphic file (type png)

<use stack1.png>
Package pdftex.def Info: stack1.png used on input line 447.
(pdftex.def)             Requested size: 202.12965pt x 146.42166pt.
 <stack2.png, id=72, 368.87813pt x 326.72063pt>
File: stack2.png Graphic file (type png)

<use stack2.png>
Package pdftex.def Info: stack2.png used on input line 448.
(pdftex.def)             Requested size: 184.4386pt x 163.35991pt.
 <stack3.png, id=73, 399.74344pt x 291.33844pt>
File: stack3.png Graphic file (type png)

<use stack3.png>
Package pdftex.def Info: stack3.png used on input line 449.
(pdftex.def)             Requested size: 199.87122pt x 145.66885pt.
 <stack4.png, id=74, 366.61969pt x 310.15875pt>
File: stack4.png Graphic file (type png)

<use stack4.png>
Package pdftex.def Info: stack4.png used on input line 450.
(pdftex.def)             Requested size: 183.30939pt x 155.079pt.
 <stack5.png, id=75, 420.06938pt x 420.06938pt>
File: stack5.png Graphic file (type png)

<use stack5.png>
Package pdftex.def Info: stack5.png used on input line 451.
(pdftex.def)             Requested size: 210.03418pt x 210.03418pt.
 <stack6.png, id=76, 403.5075pt x 417.05812pt>
File: stack6.png Graphic file (type png)

<use stack6.png>
Package pdftex.def Info: stack6.png used on input line 452.
(pdftex.def)             Requested size: 201.75325pt x 208.52855pt.

Underfull \hbox (badness 10000) in paragraph at lines 447--453

 []


Underfull \hbox (badness 10000) in paragraph at lines 447--453

 []


Underfull \hbox (badness 10000) in paragraph at lines 447--453

 []

[18

 <./stack1.png> <./stack2.png> <./stack3.png> <./stack4.png>]
<stack7.png, id=84, 699.36281pt x 322.95656pt>
File: stack7.png Graphic file (type png)
 <use stack7.png>
Package pdftex.def Info: stack7.png used on input line 454.
(pdftex.def)             Requested size: 349.68054pt x 161.47787pt.
 [19 <./stack5.png> <./stack6.png>] <stack8.png, id=91, 702.37407pt x 308.65312
pt>
File: stack8.png Graphic file (type png)

<use stack8.png>
Package pdftex.def Info: stack8.png used on input line 455.
(pdftex.def)             Requested size: 351.18617pt x 154.32617pt.
 <stack9.png, id=92, 712.91344pt x 335.75438pt>
File: stack9.png Graphic file (type png)

<use stack9.png>
Package pdftex.def Info: stack9.png used on input line 456.
(pdftex.def)             Requested size: 356.45584pt x 167.87677pt.
 [20 <./stack7.png> <./stack8.png>]
<stack10.png, id=98, 746.03719pt x 321.45094pt>
File: stack10.png Graphic file (type png)
 <use stack10.png>
Package pdftex.def Info: stack10.png used on input line 457.
(pdftex.def)             Requested size: 373.01767pt x 160.72507pt.

<stack11.png, id=99, 746.03719pt x 321.45094pt>
File: stack11.png Graphic file (type png)
 <use stack11.png>
Package pdftex.def Info: stack11.png used on input line 458.
(pdftex.def)             Requested size: 373.01767pt x 160.72507pt.
 [21 <./stack9.png> <./stack10.png>] <stack12.png, id=105, 747.54282pt x 298.86
656pt>
File: stack12.png Graphic file (type png)

<use stack12.png>
Package pdftex.def Info: stack12.png used on input line 459.
(pdftex.def)             Requested size: 373.7705pt x 149.4329pt.
 <stack13.png, id=106, 752.0597pt x 310.91156pt>
File: stack13.png Graphic file (type png)

<use stack13.png>
Package pdftex.def Info: stack13.png used on input line 460.
(pdftex.def)             Requested size: 376.02893pt x 155.45538pt.
 [22 <./stack11.png> <./stack12.png>]
<stack14.png, id=112, 752.0597pt x 310.91156pt>
File: stack14.png Graphic file (type png)
 <use stack14.png>
Package pdftex.def Info: stack14.png used on input line 461.
(pdftex.def)             Requested size: 376.02893pt x 155.45538pt.

<stack15.png, id=113, 746.03719pt x 300.3722pt>
File: stack15.png Graphic file (type png)
 <use stack15.png>
Package pdftex.def Info: stack15.png used on input line 462.
(pdftex.def)             Requested size: 373.01767pt x 150.18571pt.
 [23 <./stack13.png> <./stack14.png>] <stack16.png, id=119, 751.30687pt x 318.4
3968pt>
File: stack16.png Graphic file (type png)

<use stack16.png>
Package pdftex.def Info: stack16.png used on input line 463.
(pdftex.def)             Requested size: 375.65251pt x 159.21945pt.
 <stack17.png, id=120, 758.08218pt x 341.77687pt>
File: stack17.png Graphic file (type png)

<use stack17.png>
Package pdftex.def Info: stack17.png used on input line 464.
(pdftex.def)             Requested size: 379.04016pt x 170.88802pt.
 [24 <./stack15.png> <./stack16.png>]
<stack18.png, id=126, 700.86844pt x 343.2825pt>
File: stack18.png Graphic file (type png)
 <use stack18.png>
Package pdftex.def Info: stack18.png used on input line 465.
(pdftex.def)             Requested size: 350.43336pt x 171.64082pt.

<stack19.png, id=127, 700.86844pt x 343.2825pt>
File: stack19.png Graphic file (type png)
 <use stack19.png>
Package pdftex.def Info: stack19.png used on input line 466.
(pdftex.def)             Requested size: 350.43336pt x 171.64082pt.
 [25 <./stack17.png> <./stack18.png>] <stack20.png, id=134, 700.86844pt x 343.2
825pt>
File: stack20.png Graphic file (type png)

<use stack20.png>
Package pdftex.def Info: stack20.png used on input line 467.
(pdftex.def)             Requested size: 350.43336pt x 171.64082pt.
 [26 <./stack19.png> <./stack20.png>] (./lab4.aux) ) 
Here is how much of TeX's memory you used:
 3607 strings out of 495020
 45121 string characters out of 6181324
 126366 words of memory out of 5000000
 6766 multiletter control sequences out of 15000+600000
 8637 words of font info for 33 fonts, out of 8000000 for 9000
 14 hyphenation exceptions out of 8191
 37i,7n,24p,427b,657s stack positions out of 5000i,500n,10000p,200000b,80000s
</usr/share/texlive/texmf-d
ist/fonts/type1/public/amsfonts/cm/cmbx10.pfb></usr/share/texlive/texmf-dist/fo
nts/type1/public/amsfonts/cm/cmbx12.pfb></usr/share/texlive/texmf-dist/fonts/ty
pe1/public/amsfonts/cm/cmex10.pfb></usr/share/texlive/texmf-dist/fonts/type1/pu
blic/amsfonts/cm/cmmi10.pfb></usr/share/texlive/texmf-dist/fonts/type1/public/a
msfonts/cm/cmmi7.pfb></usr/share/texlive/texmf-dist/fonts/type1/public/amsfonts
/cm/cmr10.pfb></usr/share/texlive/texmf-dist/fonts/type1/public/amsfonts/cm/cmr
5.pfb></usr/share/texlive/texmf-dist/fonts/type1/public/amsfonts/cm/cmsy10.pfb>
</usr/share/texlive/texmf-dist/fonts/type1/public/amsfonts/cm/cmti10.pfb></usr/
share/texlive/texmf-dist/fonts/type1/public/amsfonts/cm/cmtt10.pfb>
Output written on lab4.pdf (26 pages, 511011 bytes).
PDF statistics:
 173 PDF objects out of 1000 (max. 8388607)
 90 compressed objects within 1 object stream
 0 named destinations out of 1000 (max. 500000)
 116 words of extra memory for PDF output out of 10000 (max. 10000000)

