This is pdfTeX, Version 3.14159265-2.6-1.40.15 (TeX Live 2015/dev/Debian) (preloaded format=pdflatex 2015.7.25)  7 OCT 2015 23:50
entering extended mode
 restricted \write18 enabled.
 %&-line parsing enabled.
**lab2.tex
(./lab2.tex
LaTeX2e <2014/05/01>
Babel <3.9l> and hyphenation patterns for 2 languages loaded.
(/usr/share/texlive/texmf-dist/tex/latex/base/article.cls
Document Class: article 2014/09/29 v1.4h Standard LaTeX document class
(/usr/share/texlive/texmf-dist/tex/latex/base/size10.clo
File: size10.clo 2014/09/29 v1.4h Standard LaTeX file (size option)
)
\c@part=\count79
\c@section=\count80
\c@subsection=\count81
\c@subsubsection=\count82
\c@paragraph=\count83
\c@subparagraph=\count84
\c@figure=\count85
\c@table=\count86
\abovecaptionskip=\skip41
\belowcaptionskip=\skip42
\bibindent=\dimen102
)
(/usr/share/texlive/texmf-dist/tex/latex/geometry/geometry.sty
Package: geometry 2010/09/12 v5.6 Page Geometry

(/usr/share/texlive/texmf-dist/tex/latex/graphics/keyval.sty
Package: keyval 2014/05/08 v1.15 key=value parser (DPC)
\KV@toks@=\toks14
)
(/usr/share/texlive/texmf-dist/tex/generic/oberdiek/ifpdf.sty
Package: ifpdf 2011/01/30 v2.3 Provides the ifpdf switch (HO)
Package ifpdf Info: pdfTeX in PDF mode is detected.
)
(/usr/share/texlive/texmf-dist/tex/generic/oberdiek/ifvtex.sty
Package: ifvtex 2010/03/01 v1.5 Detect VTeX and its facilities (HO)
Package ifvtex Info: VTeX not detected.
)
(/usr/share/texlive/texmf-dist/tex/generic/ifxetex/ifxetex.sty
Package: ifxetex 2010/09/12 v0.6 Provides ifxetex conditional
)
\Gm@cnth=\count87
\Gm@cntv=\count88
\c@Gm@tempcnt=\count89
\Gm@bindingoffset=\dimen103
\Gm@wd@mp=\dimen104
\Gm@odd@mp=\dimen105
\Gm@even@mp=\dimen106
\Gm@layoutwidth=\dimen107
\Gm@layoutheight=\dimen108
\Gm@layouthoffset=\dimen109
\Gm@layoutvoffset=\dimen110
\Gm@dimlist=\toks15
)
(/home/debian/pp/tex/ProofPower.sty
$Revision: 1.20 $ $Date: 2011/07/22 16:11:07 $
Package: ProofPower 
(/usr/share/texlive/texmf-dist/tex/latex/base/ifthen.sty
Package: ifthen 2014/09/29 v1.1c Standard LaTeX ifthen package (DPC)
)
\symAMSa=\mathgroup4
\symAMSb=\mathgroup5
LaTeX Font Info:    Redeclaring math symbol \emptyset on input line 9.
\ft@strutbox=\box26
\tabstop=\dimen111
\ftlmargin=\dimen112
\ftrmargin=\dimen113
\ft@width=\dimen114
\ftlinepenalty=\count90
\ftaboveboxskip=\skip43
\ftbelowboxskip=\skip44
\ftspaceskip=\muskip10
\@A=\dimen115
\@B=\dimen116
\@block=\box27
\@line=\box28
\UL@level=\count91
\UL@t=\count92
\RM@EX=\dimen117
\RM@EM=\dimen118
\endFT@penalty=\count93
\FR@Name=\box29
\FR@Above=\box30
\FR@Below=\box31
\FR@FullFtwidth=\dimen119
\FR@LHS=\box32
\FR@RhsRaise=\dimen120
\FR@Help=\toks16
\@oldtabstop=\dimen121
)
(/usr/share/texlive/texmf-dist/tex/latex/graphics/graphicx.sty
Package: graphicx 2014/04/25 v1.0g Enhanced LaTeX Graphics (DPC,SPQR)

(/usr/share/texlive/texmf-dist/tex/latex/graphics/graphics.sty
Package: graphics 2009/02/05 v1.0o Standard LaTeX Graphics (DPC,SPQR)

(/usr/share/texlive/texmf-dist/tex/latex/graphics/trig.sty
Package: trig 1999/03/16 v1.09 sin cos tan (DPC)
)
(/usr/share/texlive/texmf-dist/tex/latex/latexconfig/graphics.cfg
File: graphics.cfg 2010/04/23 v1.9 graphics configuration of TeX Live
)
Package graphics Info: Driver file: pdftex.def on input line 91.

(/usr/share/texlive/texmf-dist/tex/latex/pdftex-def/pdftex.def
File: pdftex.def 2011/05/27 v0.06d Graphics/color for pdfTeX

(/usr/share/texlive/texmf-dist/tex/generic/oberdiek/infwarerr.sty
Package: infwarerr 2010/04/08 v1.3 Providing info/warning/error messages (HO)
)
(/usr/share/texlive/texmf-dist/tex/generic/oberdiek/ltxcmds.sty
Package: ltxcmds 2011/11/09 v1.22 LaTeX kernel commands for general use (HO)
)
\Gread@gobject=\count94
))
\Gin@req@height=\dimen122
\Gin@req@width=\dimen123
)
(/usr/share/texlive/texmf-dist/tex/latex/amsmath/amsmath.sty
Package: amsmath 2013/01/14 v2.14 AMS math features
\@mathmargin=\skip45

For additional information on amsmath, use the `?' option.
(/usr/share/texlive/texmf-dist/tex/latex/amsmath/amstext.sty
Package: amstext 2000/06/29 v2.01

(/usr/share/texlive/texmf-dist/tex/latex/amsmath/amsgen.sty
File: amsgen.sty 1999/11/30 v2.0
\@emptytoks=\toks17
\ex@=\dimen124
))
(/usr/share/texlive/texmf-dist/tex/latex/amsmath/amsbsy.sty
Package: amsbsy 1999/11/29 v1.2d
\pmbraise@=\dimen125
)
(/usr/share/texlive/texmf-dist/tex/latex/amsmath/amsopn.sty
Package: amsopn 1999/12/14 v2.01 operator names
)
\inf@bad=\count95
LaTeX Info: Redefining \frac on input line 210.
\uproot@=\count96
\leftroot@=\count97
LaTeX Info: Redefining \overline on input line 306.
\classnum@=\count98
\DOTSCASE@=\count99
LaTeX Info: Redefining \ldots on input line 378.
LaTeX Info: Redefining \dots on input line 381.
LaTeX Info: Redefining \cdots on input line 466.
\Mathstrutbox@=\box33
\strutbox@=\box34
\big@size=\dimen126
LaTeX Font Info:    Redeclaring font encoding OML on input line 566.
LaTeX Font Info:    Redeclaring font encoding OMS on input line 567.
\macc@depth=\count100
\c@MaxMatrixCols=\count101
\dotsspace@=\muskip11
\c@parentequation=\count102
\dspbrk@lvl=\count103
\tag@help=\toks18
\row@=\count104
\column@=\count105
\maxfields@=\count106
\andhelp@=\toks19
\eqnshift@=\dimen127
\alignsep@=\dimen128
\tagshift@=\dimen129
\tagwidth@=\dimen130
\totwidth@=\dimen131
\lineht@=\dimen132
\@envbody=\toks20
\multlinegap=\skip46
\multlinetaggap=\skip47
\mathdisplay@stack=\toks21
LaTeX Info: Redefining \[ on input line 2665.
LaTeX Info: Redefining \] on input line 2666.
) (./lab2.aux)
\openout1 = `lab2.aux'.

LaTeX Font Info:    Checking defaults for OML/cmm/m/it on input line 5.
LaTeX Font Info:    ... okay on input line 5.
LaTeX Font Info:    Checking defaults for T1/cmr/m/n on input line 5.
LaTeX Font Info:    ... okay on input line 5.
LaTeX Font Info:    Checking defaults for OT1/cmr/m/n on input line 5.
LaTeX Font Info:    ... okay on input line 5.
LaTeX Font Info:    Checking defaults for OMS/cmsy/m/n on input line 5.
LaTeX Font Info:    ... okay on input line 5.
LaTeX Font Info:    Checking defaults for OMX/cmex/m/n on input line 5.
LaTeX Font Info:    ... okay on input line 5.
LaTeX Font Info:    Checking defaults for U/cmr/m/n on input line 5.
LaTeX Font Info:    ... okay on input line 5.

*geometry* driver: auto-detecting
*geometry* detected driver: pdftex
*geometry* verbose mode - [ preamble ] result:
* driver: pdftex
* paper: screen
* layout: <same size as paper>
* layoutoffset:(h,v)=(0.0pt,0.0pt)
* modes: 
* h-part:(L,W,R)=(96.02902pt, 448.12894pt, 96.02904pt)
* v-part:(T,H,B)=(61.45856pt, 358.50314pt, 92.1879pt)
* \paperwidth=640.187pt
* \paperheight=512.1496pt
* \textwidth=448.12894pt
* \textheight=358.50314pt
* \oddsidemargin=23.75903pt
* \evensidemargin=23.75903pt
* \topmargin=-47.81143pt
* \headheight=12.0pt
* \headsep=25.0pt
* \topskip=10.0pt
* \footskip=30.0pt
* \marginparwidth=65.0pt
* \marginparsep=11.0pt
* \columnsep=10.0pt
* \skip\footins=9.0pt plus 4.0pt minus 2.0pt
* \hoffset=0.0pt
* \voffset=0.0pt
* \mag=1000
* \@twocolumnfalse
* \@twosidefalse
* \@mparswitchfalse
* \@reversemarginfalse
* (1in=72.27pt=25.4mm, 1cm=28.453pt)

(/usr/share/texlive/texmf-dist/tex/context/base/supp-pdf.mkii
[Loading MPS to PDF converter (version 2006.09.02).]
\scratchcounter=\count107
\scratchdimen=\dimen133
\scratchbox=\box35
\nofMPsegments=\count108
\nofMParguments=\count109
\everyMPshowfont=\toks22
\MPscratchCnt=\count110
\MPscratchDim=\dimen134
\MPnumerator=\count111
\makeMPintoPDFobject=\count112
\everyMPtoPDFconversion=\toks23
) (/usr/share/texlive/texmf-dist/tex/generic/oberdiek/pdftexcmds.sty
Package: pdftexcmds 2011/11/29 v0.20 Utility functions of pdfTeX for LuaTeX (HO
)

(/usr/share/texlive/texmf-dist/tex/generic/oberdiek/ifluatex.sty
Package: ifluatex 2010/03/01 v1.3 Provides the ifluatex switch (HO)
Package ifluatex Info: LuaTeX not detected.
)
Package pdftexcmds Info: LuaTeX not detected.
Package pdftexcmds Info: \pdf@primitive is available.
Package pdftexcmds Info: \pdf@ifprimitive is available.
Package pdftexcmds Info: \pdfdraftmode found.
)
(/usr/share/texlive/texmf-dist/tex/latex/oberdiek/epstopdf-base.sty
Package: epstopdf-base 2010/02/09 v2.5 Base part for package epstopdf

(/usr/share/texlive/texmf-dist/tex/latex/oberdiek/grfext.sty
Package: grfext 2010/08/19 v1.1 Manage graphics extensions (HO)

(/usr/share/texlive/texmf-dist/tex/generic/oberdiek/kvdefinekeys.sty
Package: kvdefinekeys 2011/04/07 v1.3 Define keys (HO)
))
(/usr/share/texlive/texmf-dist/tex/latex/oberdiek/kvoptions.sty
Package: kvoptions 2011/06/30 v3.11 Key value format for package options (HO)

(/usr/share/texlive/texmf-dist/tex/generic/oberdiek/kvsetkeys.sty
Package: kvsetkeys 2012/04/25 v1.16 Key value parser (HO)

(/usr/share/texlive/texmf-dist/tex/generic/oberdiek/etexcmds.sty
Package: etexcmds 2011/02/16 v1.5 Avoid name clashes with e-TeX commands (HO)
Package etexcmds Info: Could not find \expanded.
(etexcmds)             That can mean that you are not using pdfTeX 1.50 or
(etexcmds)             that some package has redefined \expanded.
(etexcmds)             In the latter case, load this package earlier.
)))
Package grfext Info: Graphics extension search list:
(grfext)             [.png,.pdf,.jpg,.mps,.jpeg,.jbig2,.jb2,.PNG,.PDF,.JPG,.JPE
G,.JBIG2,.JB2,.eps]
(grfext)             \AppendGraphicsExtensions on input line 452.

(/usr/share/texlive/texmf-dist/tex/latex/latexconfig/epstopdf-sys.cfg
File: epstopdf-sys.cfg 2010/07/13 v1.3 Configuration of (r)epstopdf for TeX Liv
e
))
LaTeX Font Info:    Try loading font information for U+msa on input line 8.

(/usr/share/texlive/texmf-dist/tex/latex/amsfonts/umsa.fd
File: umsa.fd 2013/01/14 v3.01 AMS symbols A
)
LaTeX Font Info:    Try loading font information for U+msb on input line 8.

(/usr/share/texlive/texmf-dist/tex/latex/amsfonts/umsb.fd
File: umsb.fd 2013/01/14 v3.01 AMS symbols B
) [1

{/var/lib/texmf/fonts/map/pdftex/updmap/pdftex.map}] [2

]
<gcd_sml.png, id=17, 546.04pt x 182.6825pt>
File: gcd_sml.png Graphic file (type png)
 <use gcd_sml.png>
Package pdftex.def Info: gcd_sml.png used on input line 33.
(pdftex.def)             Requested size: 327.62653pt x 109.61034pt.
 [3

 <./gcd_sml.png>] [4

] <gcd_c.png, id=27, 549.05125pt x 111.41624pt>
File: gcd_c.png Graphic file (type png)
 <use gcd_c.png>
Package pdftex.def Info: gcd_c.png used on input line 69.
(pdftex.def)             Requested size: 274.52495pt x 55.70798pt.
 [5 <./gcd_c.png>] [6

] [7

]
LaTeX Font Info:    Try loading font information for OMS+cmr on input line 112.

 (/usr/share/texlive/texmf-dist/tex/latex/base/omscmr.fd
File: omscmr.fd 2014/09/29 v2.5h Standard LaTeX font definitions
)
LaTeX Font Info:    Font shape `OMS/cmr/m/n' in size <10> not available
(Font)              Font shape `OMS/cmsy/m/n' tried instead on input line 112.

[8

] <lab2asm.png, id=42, 351.3125pt x 34.1275pt>
File: lab2asm.png Graphic file (type png)
 <use lab2asm.png>
Package pdftex.def Info: lab2asm.png used on input line 150.
(pdftex.def)             Requested size: 351.31163pt x 34.1274pt.

<stack1.png, id=43, 438.13687pt x 313.17pt>
File: stack1.png Graphic file (type png)
 <use stack1.png>
Package pdftex.def Info: stack1.png used on input line 152.
(pdftex.def)             Requested size: 219.06789pt x 156.58461pt.

<stack2.png, id=45, 449.42906pt x 333.49594pt>
File: stack2.png Graphic file (type png)
 <use stack2.png>
Package pdftex.def Info: stack2.png used on input line 153.
(pdftex.def)             Requested size: 224.71397pt x 166.74756pt.

<stack3.png, id=46, 429.85594pt x 348.55219pt>
File: stack3.png Graphic file (type png)
 <use stack3.png>
Package pdftex.def Info: stack3.png used on input line 154.
(pdftex.def)             Requested size: 214.92744pt x 174.27565pt.

<stack4.png, id=47, 414.04688pt x 329.73187pt>
File: stack4.png Graphic file (type png)
 <use stack4.png>
Package pdftex.def Info: stack4.png used on input line 155.
(pdftex.def)             Requested size: 207.02292pt x 164.86552pt.

<stack5.png, id=48, 405.01312pt x 334.24875pt>
File: stack5.png Graphic file (type png)
 <use stack5.png>
Package pdftex.def Info: stack5.png used on input line 156.
(pdftex.def)             Requested size: 202.50606pt x 167.12396pt.

<stack6.png, id=49, 432.11438pt x 339.51843pt>
File: stack6.png Graphic file (type png)
 <use stack6.png>
Package pdftex.def Info: stack6.png used on input line 157.
(pdftex.def)             Requested size: 216.05666pt x 169.75879pt.

<stack7.png, id=50, 421.575pt x 336.50719pt>
File: stack7.png Graphic file (type png)
 <use stack7.png>
Package pdftex.def Info: stack7.png used on input line 158.
(pdftex.def)             Requested size: 210.78697pt x 168.25317pt.

<stack8.png, id=51, 424.58624pt x 292.84406pt>
File: stack8.png Graphic file (type png)
 <use stack8.png>
Package pdftex.def Info: stack8.png used on input line 159.
(pdftex.def)             Requested size: 212.2926pt x 146.42166pt.

<stack9.png, id=52, 423.83344pt x 299.61937pt>
File: stack9.png Graphic file (type png)
 <use stack9.png>
Package pdftex.def Info: stack9.png used on input line 160.
(pdftex.def)             Requested size: 211.91618pt x 149.80931pt.

<stack10.png, id=53, 409.53pt x 299.61937pt>
File: stack10.png Graphic file (type png)
 <use stack10.png>
Package pdftex.def Info: stack10.png used on input line 161.
(pdftex.def)             Requested size: 204.7645pt x 149.80931pt.

<stack11.png, id=54, 432.11438pt x 303.38344pt>
File: stack11.png Graphic file (type png)
 <use stack11.png>
Package pdftex.def Info: stack11.png used on input line 162.
(pdftex.def)             Requested size: 216.05666pt x 151.69135pt.

<stack12.png, id=55, 441.14813pt x 297.36093pt>
File: stack12.png Graphic file (type png)
 <use stack12.png>
Package pdftex.def Info: stack12.png used on input line 163.
(pdftex.def)             Requested size: 220.57352pt x 148.6801pt.

<stack13.png, id=56, 420.06938pt x 314.67563pt>
File: stack13.png Graphic file (type png)
 <use stack13.png>
Package pdftex.def Info: stack13.png used on input line 164.
(pdftex.def)             Requested size: 210.03418pt x 157.33742pt.
 [9

 <./lab2asm.png>]
Overfull \vbox (4.42282pt too high) has occurred while \output is active []


[10 <./stack1.png> <./stack2.png> <./stack3.png> <./stack4.png>] [11 <./stack5.
png> <./stack6.png> <./stack7.png> <./stack8.png>] [12 <./stack9.png> <./stack1
0.png> <./stack11.png> <./stack12.png>] [13 <./stack13.png>] (./lab2.aux) ) 
Here is how much of TeX's memory you used:
 3196 strings out of 495020
 40885 string characters out of 6181324
 105512 words of memory out of 5000000
 6349 multiletter control sequences out of 15000+600000
 13018 words of font info for 50 fonts, out of 8000000 for 9000
 14 hyphenation exceptions out of 8191
 38i,12n,23p,300b,199s stack positions out of 5000i,500n,10000p,200000b,80000s
</us
r/share/texlive/texmf-dist/fonts/type1/public/amsfonts/cm/cmbx12.pfb></usr/shar
e/texlive/texmf-dist/fonts/type1/public/amsfonts/cm/cmex10.pfb></usr/share/texl
ive/texmf-dist/fonts/type1/public/amsfonts/cm/cmmi10.pfb></usr/share/texlive/te
xmf-dist/fonts/type1/public/amsfonts/cm/cmr10.pfb></usr/share/texlive/texmf-dis
t/fonts/type1/public/amsfonts/cm/cmr12.pfb></usr/share/texlive/texmf-dist/fonts
/type1/public/amsfonts/cm/cmr17.pfb></usr/share/texlive/texmf-dist/fonts/type1/
public/amsfonts/cm/cmr5.pfb></usr/share/texlive/texmf-dist/fonts/type1/public/a
msfonts/cm/cmsy10.pfb></usr/share/texlive/texmf-dist/fonts/type1/public/amsfont
s/cm/cmti10.pfb></usr/share/texlive/texmf-dist/fonts/type1/public/amsfonts/cm/c
mtt10.pfb></usr/share/texlive/texmf-dist/fonts/type1/public/amsfonts/symbols/ms
bm10.pfb>
Output written on lab2.pdf (13 pages, 281930 bytes).
PDF statistics:
 122 PDF objects out of 1000 (max. 8388607)
 65 compressed objects within 1 object stream
 0 named destinations out of 1000 (max. 500000)
 81 words of extra memory for PDF output out of 10000 (max. 10000000)

